<?xml version="1.0" encoding="UTF-8"?>
<!-- Generated by org.testng.reporters.JUnitReportReporter -->
<testsuite hostname="QT-INBG-LT1942" failures="0" tests="1" name="project.sign_up" time="18.965" errors="0" timestamp="2022-09-16T17:00:35 IST" skipped="0">
  <testcase classname="project.sign_up" name="signup" time="18.965"/>
  <system-out/>
</testsuite> <!-- project.sign_up -->
