<?xml version="1.0" encoding="UTF-8"?>
<!-- Generated by org.testng.reporters.JUnitReportReporter -->
<testsuite hostname="QT-INBG-LT1942" failures="0" tests="7" name="testcases.contact_us" time="12.515" errors="0" timestamp="2022-09-16T14:27:30 IST" skipped="0">
  <testcase classname="testcases.contact_us" name="launchBrowser" time="4.745"/>
  <system-out/>
  <testcase classname="testcases.contact_us" name="clickContactUs" time="2.368"/>
  <system-out/>
  <testcase classname="testcases.contact_us" name="enterName" time="0.088"/>
  <system-out/>
  <testcase classname="testcases.contact_us" name="enterMail" time="0.079"/>
  <system-out/>
  <testcase classname="testcases.contact_us" name="enterPhoneNumber" time="0.071"/>
  <system-out/>
  <testcase classname="testcases.contact_us" name="enterMessage" time="5.083"/>
  <system-out/>
  <testcase classname="testcases.contact_us" name="clickOnSend" time="0.081"/>
  <system-out/>
</testsuite> <!-- testcases.contact_us -->
