<?xml version="1.0" encoding="UTF-8"?>
<!-- Generated by org.testng.reporters.JUnitReportReporter -->
<testsuite hostname="QT-INBG-LT1942" failures="0" tests="7" name="project.contact_us" time="10.810" errors="0" timestamp="2022-09-16T17:00:35 IST" skipped="0">
  <testcase classname="project.contact_us" name="launchBrowser" time="2.896"/>
  <system-out/>
  <testcase classname="project.contact_us" name="enterName" time="0.096"/>
  <system-out/>
  <testcase classname="project.contact_us" name="clickContactUs" time="2.353"/>
  <system-out/>
  <testcase classname="project.contact_us" name="enterMail" time="0.085"/>
  <system-out/>
  <testcase classname="project.contact_us" name="enterPhoneNumber" time="0.078"/>
  <system-out/>
  <testcase classname="project.contact_us" name="enterMessage" time="5.093"/>
  <system-out/>
  <testcase classname="project.contact_us" name="clickOnSend" time="0.209"/>
  <system-out/>
</testsuite> <!-- project.contact_us -->
