<?xml version="1.0" encoding="UTF-8"?>
<!-- Generated by org.testng.reporters.JUnitReportReporter -->
<testsuite hostname="QT-INBG-LT1942" failures="0" tests="1" name="sign_in" time="8.832" errors="0" timestamp="2022-09-16T14:55:54 IST" skipped="0">
  <testcase classname="sign_in" name="signin" time="8.832"/>
  <system-out/>
</testsuite> <!-- sign_in -->
