<?xml version="1.0" encoding="UTF-8"?>
<!-- Generated by org.testng.reporters.JUnitReportReporter -->
<testsuite hostname="QT-INBG-LT1942" failures="0" tests="7" name="contact_us" time="12.285" errors="0" timestamp="2022-09-16T11:22:07 IST" skipped="0">
  <testcase classname="contact_us" name="launchBrowser" time="4.707"/>
  <system-out/>
  <testcase classname="contact_us" name="enterName" time="0.064"/>
  <system-out/>
  <testcase classname="contact_us" name="clickContactUs" time="2.289"/>
  <system-out/>
  <testcase classname="contact_us" name="enterMail" time="0.058"/>
  <system-out/>
  <testcase classname="contact_us" name="enterPhoneNumber" time="0.050"/>
  <system-out/>
  <testcase classname="contact_us" name="enterMessage" time="5.057"/>
  <system-out/>
  <testcase classname="contact_us" name="clickOnSend" time="0.060"/>
  <system-out/>
</testsuite> <!-- contact_us -->
